<?xml version="1.0" encoding="UTF-8"?>
<testng-results ignored="0" total="1" passed="1" failed="0" skipped="0">
  <reporter-output>
  </reporter-output>
  <suite started-at="2025-06-02T18:43:10 IST" name="Default suite" finished-at="2025-06-02T18:43:33 IST" duration-ms="23239">
    <groups>
    </groups>
    <test started-at="2025-06-02T18:43:10 IST" name="Default test" finished-at="2025-06-02T18:43:33 IST" duration-ms="23239">
      <class name="com.org.main.tests.LoginTest">
        <test-method is-config="true" signature="setUp()[pri:0, instance:com.org.main.tests.LoginTest@16293aa2]" started-at="2025-06-02T18:43:10 IST" name="setUp" finished-at="2025-06-02T18:43:27 IST" duration-ms="17613" status="PASS">
          <reporter-output>
          </reporter-output>
        </test-method> <!-- setUp -->
        <test-method is-config="true" signature="setupPageObjects()[pri:0, instance:com.org.main.tests.LoginTest@16293aa2]" started-at="2025-06-02T18:43:27 IST" name="setupPageObjects" finished-at="2025-06-02T18:43:27 IST" duration-ms="4" status="PASS">
          <reporter-output>
          </reporter-output>
        </test-method> <!-- setupPageObjects -->
        <test-method signature="TC001()[pri:0, instance:com.org.main.tests.LoginTest@16293aa2]" started-at="2025-06-02T18:43:27 IST" name="TC001" finished-at="2025-06-02T18:43:33 IST" duration-ms="5353" status="PASS">
          <reporter-output>
          </reporter-output>
        </test-method> <!-- TC001 -->
        <test-method is-config="true" signature="tearDown()[pri:0, instance:com.org.main.tests.LoginTest@16293aa2]" started-at="2025-06-02T18:43:33 IST" name="tearDown" finished-at="2025-06-02T18:43:33 IST" duration-ms="228" status="PASS">
          <reporter-output>
          </reporter-output>
        </test-method> <!-- tearDown -->
      </class> <!-- com.org.main.tests.LoginTest -->
    </test> <!-- Default test -->
  </suite> <!-- Default suite -->
</testng-results>
