<?xml version="1.0" encoding="UTF-8"?>
<testng-results ignored="0" total="1" passed="1" failed="0" skipped="0">
  <reporter-output>
  </reporter-output>
  <suite started-at="2025-06-02T16:01:24 IST" name="Default suite" finished-at="2025-06-02T16:01:36 IST" duration-ms="11848">
    <groups>
    </groups>
    <test started-at="2025-06-02T16:01:24 IST" name="Default test" finished-at="2025-06-02T16:01:36 IST" duration-ms="11848">
      <class name="com.org.main.tests.HomePageTest">
        <test-method is-config="true" signature="setUp()[pri:0, instance:com.org.main.tests.HomePageTest@5b239d7d]" started-at="2025-06-02T16:01:24 IST" name="setUp" finished-at="2025-06-02T16:01:36 IST" duration-ms="11234" status="PASS">
          <reporter-output>
          </reporter-output>
        </test-method> <!-- setUp -->
        <test-method signature="verifyHomePageLoads()[pri:0, instance:com.org.main.tests.HomePageTest@5b239d7d]" started-at="2025-06-02T16:01:36 IST" name="verifyHomePageLoads" finished-at="2025-06-02T16:01:36 IST" duration-ms="51" status="PASS">
          <reporter-output>
          </reporter-output>
        </test-method> <!-- verifyHomePageLoads -->
        <test-method is-config="true" signature="tearDown()[pri:0, instance:com.org.main.tests.HomePageTest@5b239d7d]" started-at="2025-06-02T16:01:36 IST" name="tearDown" finished-at="2025-06-02T16:01:36 IST" duration-ms="465" status="PASS">
          <reporter-output>
          </reporter-output>
        </test-method> <!-- tearDown -->
      </class> <!-- com.org.main.tests.HomePageTest -->
    </test> <!-- Default test -->
  </suite> <!-- Default suite -->
</testng-results>
